* Microsoft COBOL Version 4.5        L2.4 revision 002 11-Apr-17 03:54 Page   1
*                                       EX06.CBL
* Options: LIST(EX06.LST) NOASMLIST
     1 IDENTIFICATION       DIVISION.
     2 PROGRAM-ID.          EX06.
     3 AUTHOR.              WAGNER BIGAL.
     4 INSTALLATION.        FATEC-SP.
     5 DATE-WRITTEN.        10/04/2017.
     6 DATE-COMPILED. 11-Apr-17 03:54.
     7 SECURITY.     APENAS O AUTOR PODE MODIFICA-LO.
     8*REMARKS.      VERIFICA AS INFORMACOES DA LISTA DE CADASTROS
     9               E GERA UM ARQUIVO .DAT PARA OS CADASTROS VALIDOS
    10               E UM RELATORIO COM OS INVALIDOS.
    11
    12*==============================================================
    13 ENVIRONMENT          DIVISION.
    14
    15 CONFIGURATION        SECTION.
    16 SOURCE-COMPUTER.     IBM-PC.
    17 OBJECT-COMPUTER.     IBM-PC.
    18 SPECIAL-NAMES.       DECIMAL-POINT IS COMMA.
    19
    20 INPUT-OUTPUT         SECTION.
    21 FILE-CONTROL.
    22        SELECT CADCLI ASSIGN TO DISK
    23        ORGANIZATION IS LINE SEQUENTIAL.
    24
    25        SELECT CADOK ASSIGN TO DISK
    26        ORGANIZATION IS LINE SEQUENTIAL.
    27
    28        SELECT RELOCOR ASSIGN TO DISK.
    29
    30*==============================================================
    31 DATA                 DIVISION.
    32
    33 FILE                 SECTION.
    34
    35 FD     CADCLI
    36        LABEL RECORD ARE STANDARD
    37        VALUE OF FILE-ID IS "CADCLI.DAT".
    38 01     REG-ENT.
    39        02 CODIGO            PIC 9(03).
    40        02 CPF               PIC 9(11).
    41        02 NOME              PIC X(30).
    42        02 ESTADO            PIC X(02).
    43        02 CIDADE            PIC X(30).
    44        02 EMAIL             PIC X(30).
    45        02 TELEFONE          PIC 9(10).
    46
    47 FD     CADOK
    48        LABEL RECORD ARE STANDARD
    49        VALUE OF FILE-ID IS "CADOK.DAT".
    50 01     REG-OK.
    51        02 CPF2              PIC 9(11).
    52        02 NOME2             PIC X(30).
    53        02 ESTADO2           PIC X(02).
    54        02 CIDADE2           PIC X(30).
    55        02 EMAIL2            PIC X(30).
    56        02 TELEFONE2         PIC 9(10).
    57
* Microsoft COBOL Version 4.5        L2.4 revision 002 11-Apr-17 03:54 Page   2
*                                       EX06.CBL
    58 FD     RELOCOR
    59        LABEL RECORD IS OMITTED.
    60 01     REG-REL              PIC X(80).
    61
    62 WORKING-STORAGE      SECTION.
    63 77 FIM-ARQ                  PIC X(03) VALUE "NAO".
    64 77 CT-LIN                   PIC 9(02) VALUE 40.
    65 77 CT-PAG                   PIC 9(02) VALUE ZEROES.
    66 77 CT-INVALIDOS             PIC 9(01) VALUE ZEROES.
    67 77 CT-EXIBE-INVLD           PIC 9(01) VALUE ZEROES.
    68 77 MSG-INVALIDO             PIC X(20) OCCURS 5 TIMES.
    69 77 CT-ESTADOS               PIC 9(02) VALUE ZEROES.
    70
    71* VARIAVEIS PARA A VALIDACAO DO CPF
    72 77 TEMP-CPF          PIC 9(11).
    73 77 TEMP-DIVISAO      PIC 9(11).
    74 77 ATUAL-VALOR       PIC 9(02).
    75 77 POS-DIGITO        PIC 9(02) VALUE 2.
    76 77 RESULT-DIGITO     PIC 9(03).
    77 77 SOMATORIA         PIC 9(03).
    78 77 QUOCIENTE         PIC 9(03).
    79 77 RESTO             PIC 9(02).
    80 77 DIGITO1           PIC 9(01).
    81 77 DIGITO2           PIC 9(01).
    82 77 DIGITO-VRF        PIC 9(02).
    83 77 DIGITO-VRF-TMP    PIC 9(02).
    84*************************************
    85
    86 01     TABELA-ESTADO.
    87        02 DEF-ESTADO.
    88               03 FILLER     PIC X(02) VALUE "AC".
    89               03 FILLER     PIC X(02) VALUE "AL".
    90               03 FILLER     PIC X(02) VALUE "AP".
    91               03 FILLER     PIC X(02) VALUE "AM".
    92               03 FILLER     PIC X(02) VALUE "BA".
    93               03 FILLER     PIC X(02) VALUE "CE".
    94               03 FILLER     PIC X(02) VALUE "DF".
    95               03 FILLER     PIC X(02) VALUE "ES".
    96               03 FILLER     PIC X(02) VALUE "GO".
    97               03 FILLER     PIC X(02) VALUE "MA".
    98               03 FILLER     PIC X(02) VALUE "MT".
    99               03 FILLER     PIC X(02) VALUE "MS".
   100               03 FILLER     PIC X(02) VALUE "MG".
   101               03 FILLER     PIC X(02) VALUE "PA".
   102               03 FILLER     PIC X(02) VALUE "PB".
   103               03 FILLER     PIC X(02) VALUE "PR".
   104               03 FILLER     PIC X(02) VALUE "PE".
   105               03 FILLER     PIC X(02) VALUE "PI".
   106               03 FILLER     PIC X(02) VALUE "RJ".
   107               03 FILLER     PIC X(02) VALUE "RN".
   108               03 FILLER     PIC X(02) VALUE "RS".
   109               03 FILLER     PIC X(02) VALUE "RO".
   110               03 FILLER     PIC X(02) VALUE "RR".
   111               03 FILLER     PIC X(02) VALUE "SC".
   112               03 FILLER     PIC X(02) VALUE "SP".
   113               03 FILLER     PIC X(02) VALUE "SE".
   114               03 FILLER     PIC X(02) VALUE "TO".
   115
* Microsoft COBOL Version 4.5        L2.4 revision 002 11-Apr-17 03:54 Page   3
*                                       EX06.CBL
   116 01     TABELA-ESTADOS-RED REDEFINES TABELA-ESTADO.
   117        02 ESTADOS           PIC X(02) OCCURS 27 TIMES.
   118
   119 01     CAB-01.
   120        02 FILLER            PIC X(31) VALUE SPACES.
   121        02 FILLER            PIC X(17) VALUE "TURISMAR TURISMO".
   122        02 FILLER            PIC X(32) VALUE SPACES.
   123
   124 01     CAB-02.
   125        02 FILLER            PIC X(17) VALUE SPACES.
   126        02 FILLER            PIC X(45)
   127           VALUE "RELATORIO DE DADOS DE CLIENTES INCONSISTENTES".
   128        02 FILLER            PIC X(18).
   129
   130 01     CAB-03.
   131        02 FILLER            PIC X(10) VALUE SPACES.
   132        02 FILLER            PIC X(17) VALUE "CODIGO DO CLIENTE".
   133        02 FILLER            PIC X(06) VALUE SPACES.
   134        02 FILLER            PIC X(15) VALUE "DADOS INVALIDOS".
   135        02 FILLER            PIC X(32) VALUE SPACES.
   136
   137 01     CAB-04.
   138        02 FILLER            PIC X(80) VALUE ALL "-".
   139
   140 01     DETALHE-01.
   141        02 FILLER            PIC X(10) VALUE SPACES.
   142        02 VAR-CODIGO        PIC 999.
   143        02 FILLER            PIC X(20) VALUE SPACES.
   144        02 VAR-INVALIDOS     PIC X(37).
   145        02 FILLER            PIC X(10) VALUE SPACES.
   146
   147
   148 01     DETALHE-02.
   149        02 FILLER            PIC X(33) VALUE SPACES.
   150        02 VAR-INVALIDOS2    PIC X(37).
   151        02 FILLER            PIC X(10) VALUE SPACES.
   152
   153*==============================================================
   154 PROCEDURE            DIVISION.
   155
   156 PGM-EX02.
   157        PERFORM INICIO.
   158        PERFORM PRINCIPAL UNTIL FIM-ARQ EQUAL "SIM".
   159        PERFORM FIM.
   160        STOP RUN.
   161
   162 INICIO.
   163        OPEN   INPUT  CADCLI
   164               OUTPUT CADOK
   165               OUTPUT RELOCOR.
   166        PERFORM LEITURA.
   167
   168 LEITURA.
   169        READ CADCLI AT END MOVE "SIM" TO FIM-ARQ.
   170
   171 PRINCIPAL.
   172        PERFORM VALIDACAO.
   173        PERFORM LEITURA.
* Microsoft COBOL Version 4.5        L2.4 revision 002 11-Apr-17 03:54 Page   4
*                                       EX06.CBL
   174
   175 VALIDACAO.
   176        PERFORM LIMPAR-INVALIDOS.
   177        PERFORM VALIDA-CPF.
   178        PERFORM VALIDA-NOME.
   179        PERFORM VALIDA-ESTADO.
   180        PERFORM VALIDA-CIDADE.
   181        PERFORM VALIDA-EMAIL.
   182        IF CT-INVALIDOS EQUAL ZEROES
   183               PERFORM GRAVAOK
   184        ELSE
   185               PERFORM IMPRESSAO.
   186
   187 LIMPAR-INVALIDOS.
   188        MOVE ZEROES TO CT-INVALIDOS.
   189        MOVE SPACES TO MSG-INVALIDO(1).
   190        MOVE SPACES TO MSG-INVALIDO(2).
   191        MOVE SPACES TO MSG-INVALIDO(3).
   192        MOVE SPACES TO MSG-INVALIDO(4).
   193        MOVE SPACES TO MSG-INVALIDO(5).
   194
   195 VALIDA-CPF.
   196        IF CPF EQUAL ZEROES OR EQUAL SPACES
   197               PERFORM CPF-INVALIDO
   198        ELSE
   199               PERFORM VALIDA-CPF-FORMATO.
   200
   201 CPF-INVALIDO.
   202        ADD 1 TO CT-INVALIDOS.
   203        MOVE "CPF INVALIDO" TO MSG-INVALIDO(CT-INVALIDOS).
   204
   205 VALIDA-CPF-FORMATO.
   206        PERFORM CALCULA-DIGITO-1.
   207        PERFORM CALCULA-DIGITO-2.
   208        DIVIDE CPF BY 100 GIVING TEMP-CPF REMAINDER DIGITO-VRF.
   209        MULTIPLY DIGITO1 BY 10 GIVING DIGITO-VRF-TMP.
   210        ADD DIGITO2 TO DIGITO-VRF-TMP.
   211
   212        IF DIGITO-VRF-TMP NOT EQUAL DIGITO-VRF
   213               PERFORM CPF-INVALIDO.
   214
   215 CALCULA-DIGITO-1.
   216        MOVE CPF      TO TEMP-CPF.
   217        MOVE 2        TO POS-DIGITO.
   218        MOVE ZEROES   TO SOMATORIA.
   219        DIVIDE TEMP-CPF BY 100
   220                        GIVING TEMP-CPF.
   221        PERFORM CALCULA-DIGITO 9 TIMES.
   222
   223        DIVIDE SOMATORIA BY 11
   224                         GIVING QUOCIENTE
   225                         REMAINDER RESTO.
   226        IF RESTO LESS THAN 2
   227               MOVE 0 TO DIGITO1
   228        ELSE
   229               SUBTRACT 11 FROM RESTO GIVING DIGITO1.
   230
   231 CALCULA-DIGITO-2.
* Microsoft COBOL Version 4.5        L2.4 revision 002 11-Apr-17 03:54 Page   5
*                                       EX06.CBL
   232        MOVE CPF      TO TEMP-CPF.
   233        MOVE 2        TO POS-DIGITO.
   234        MOVE ZEROES   TO SOMATORIA.
   235        DIVIDE TEMP-CPF BY 10
   236                        GIVING TEMP-CPF.
   237        PERFORM CALCULA-DIGITO 10 TIMES.
   238
   239        DIVIDE SOMATORIA BY 11
   240                         GIVING QUOCIENTE
   241                         REMAINDER RESTO.
   242
   243        IF RESTO LESS THAN 2
   244               MOVE 0 TO DIGITO2
   245        ELSE
   246               SUBTRACT 11 FROM RESTO GIVING DIGITO2.
   247
   248 CALCULA-DIGITO.
   249        DIVIDE TEMP-CPF BY 10
   250                        GIVING TEMP-CPF
   251                        REMAINDER ATUAL-VALOR.
   252        MULTIPLY ATUAL-VALOR BY POS-DIGITO GIVING RESULT-DIGITO.
   253        ADD 1 TO POS-DIGITO.
   254        ADD RESULT-DIGITO TO SOMATORIA.
   255
   256 VALIDA-NOME.
   257        IF NOME EQUAL SPACES
   258               PERFORM NOME-BRANCO.
   259
   260 NOME-BRANCO.
   261        ADD 1 TO CT-INVALIDOS.
   262        MOVE "NOME NAO INFORMADO" TO MSG-INVALIDO(CT-INVALIDOS).
   263
   264 VALIDA-ESTADO.
   265        MOVE ZEROES TO CT-ESTADOS.
   266        IF ESTADO EQUAL SPACES
   267               PERFORM ESTADO-INVALIDO
   268        ELSE
   269               PERFORM VALIDA-ESTADO-EXISTE.
   270
   271 VALIDA-ESTADO-EXISTE.
   272        ADD 1 TO CT-ESTADOS.
   273        IF CT-ESTADOS NOT LESS THAN 28
   274               PERFORM ESTADO-INVALIDO
   275        ELSE IF ESTADOS(CT-ESTADOS) NOT EQUAL ESTADO
   276               PERFORM VALIDA-ESTADO-EXISTE.
   277
   278 ESTADO-INVALIDO.
   279        ADD 1 TO CT-INVALIDOS.
   280        MOVE "ESTADO INVALIDO" TO MSG-INVALIDO(CT-INVALIDOS).
   281
   282 VALIDA-CIDADE.
   283        IF CIDADE EQUAL SPACES
   284               PERFORM CIDADE-BRANCO.
   285
   286 CIDADE-BRANCO.
   287        ADD 1 TO CT-INVALIDOS.
   288        MOVE "CIDADE NAO INFORMADA" TO MSG-INVALIDO(CT-INVALIDOS).
   289
* Microsoft COBOL Version 4.5        L2.4 revision 002 11-Apr-17 03:54 Page   6
*                                       EX06.CBL
   290 VALIDA-EMAIL.
   291        IF EMAIL EQUAL SPACES AND NOT EQUAL "NAO TEM"
   292               PERFORM EMAIL-BRANCO.
   293
   294 EMAIL-BRANCO.
   295        ADD 1 TO CT-INVALIDOS.
   296        MOVE "EMAIL SEM DESCRICAO" TO MSG-INVALIDO(CT-INVALIDOS).
   297
   298 GRAVAOK.
   299        MOVE   CPF           TO CPF2.
   300        MOVE   NOME          TO NOME2.
   301        MOVE   ESTADO        TO ESTADO2.
   302        MOVE   CIDADE        TO CIDADE2.
   303        MOVE   EMAIL         TO EMAIL2.
   304        MOVE   TELEFONE      TO TELEFONE2.
   305        WRITE  REG-OK.
   306
   307 IMPRESSAO.
   308        IF CT-LIN GREATER THAN 39
   309               PERFORM CABECALHO.
   310        PERFORM IMPED.
   311
   312 CABECALHO.
   313        ADD 1 TO CT-PAG.
   314        MOVE   SPACES         TO REG-REL.
   315        WRITE  REG-REL FROM CAB-01.
   316        WRITE  REG-REL FROM CAB-02 AFTER ADVANCING 2 LINE.
   317        WRITE  REG-REL FROM CAB-03 AFTER ADVANCING 2 LINE.
   318        WRITE  REG-REL FROM CAB-04 AFTER ADVANCING 1 LINE.
   319        MOVE   ZEROES TO CT-LIN.
   320
   321 IMPED.
   322        MOVE   CODIGO        TO VAR-CODIGO.
   323        MOVE   1             TO CT-EXIBE-INVLD.
   324        MOVE   MSG-INVALIDO(CT-EXIBE-INVLD) TO VAR-INVALIDOS.
   325        WRITE  REG-REL FROM DETALHE-01 AFTER ADVANCING 2 LINE.
   326        ADD 1 TO CT-LIN.
   327
   328        IF CT-INVALIDOS GREATER THAN 1
   329               PERFORM IMPERRO.
   330
   331 IMPERRO.
   332        SUBTRACT 1 FROM CT-INVALIDOS.
   333        ADD      1 TO CT-EXIBE-INVLD.
   334        MOVE   MSG-INVALIDO(CT-EXIBE-INVLD) TO VAR-INVALIDOS2.
   335        WRITE  REG-REL FROM DETALHE-02 AFTER ADVANCING 1 LINE.
   336        ADD 1 TO CT-LIN.
   337        PERFORM IMPERRO UNTIL CT-INVALIDOS EQUAL 1.
   338
   339 FIM.
   340        CLOSE  CADCLI
   341               CADOK
   342               RELOCOR.
* Microsoft COBOL Version 4.5        L2.4 revision 002
* (C)Copyright Microsoft Corp 1984, 1991       URN AXUPA/MS0/000000
*                                              REF GNB-024050002A7
*
* Total Messages:     0
* Microsoft COBOL Version 4.5        L2.4 revision 002 11-Apr-17 03:54 Page   7
*                                       EX06.CBL
* Data:        2244     Code:        1433     Dictionary:        3881
