* Microsoft COBOL Version 4.5        L2.4 revision 002 09-Apr-17 22:41 Page   1
*                                       EX03.CBL
* Options: LIST(EX03.LST) NOASMLIST
     1 IDENTIFICATION       DIVISION.
     2 PROGRAM-ID.          EX03.
     3 AUTHOR.              WAGNER BIGAL.
     4 INSTALLATION.        FATEC-SP.
     5 DATE-WRITTEN.        09/04/2017.
     6 DATE-COMPILED. 09-Apr-17 22:41.
     7 SECURITY.     APENAS O AUTOR PODE MODIFICA-LO.
     8*REMARKS.      SELECIONA OS REGISTROS DE CLIENTES DO
     9*              SEXO FEMININO COM SALARIO SUPERIOR OU
    10*              IGUAL A 5.000,00.
    11
    12*==============================================================
    13 ENVIRONMENT          DIVISION.
    14
    15 CONFIGURATION        SECTION.
    16 SOURCE-COMPUTER.     IBM-PC.
    17 OBJECT-COMPUTER.     IBM-PC.
    18 SPECIAL-NAMES.       DECIMAL-POINT IS COMMA.
    19
    20 INPUT-OUTPUT         SECTION.
    21 FILE-CONTROL.
    22        SELECT CADENT ASSIGN TO DISK
    23        ORGANIZATION IS LINE SEQUENTIAL.
    24
    25        SELECT RELSAI ASSIGN TO DISK.
    26
    27*==============================================================
    28 DATA                 DIVISION.
    29
    30 FILE                 SECTION.
    31
    32 FD     CADENT
    33        LABEL RECORD ARE STANDARD
    34        VALUE OF FILE-ID IS "CADENT.DAT".
    35 01     REG-ENT.
    36        02 CODIGO            PIC 9(07).
    37        02 NOME              PIC X(30).
    38        02 SALARIO           PIC 9(05)V9(02).
    39        02 SEXO              PIC X(01).
    40
    41 FD     RELSAI
    42        LABEL RECORD IS OMITTED.
    43 01     REG-REL              PIC X(80).
    44
    45 WORKING-STORAGE      SECTION.
    46 77 FIM-ARQ                  PIC X(03) VALUE "NAO".
    47 77 CT-LIN                   PIC 9(02) VALUE 20.
    48 77 CT-PAG                   PIC 9(02) VALUE ZEROES.
    49 77 TOTAL-CLIENTES           PIC 9(05) VALUE ZEROES.
    50 77 TOTAL-SALARIOS           PIC 9(09)V9(02) VALUE ZEROES.
    51
    52 01     CAB-01.
    53        02 FILLER            PIC X(70) VALUE SPACES.
    54        02 FILLER            PIC X(05) VALUE "PAG. ".
    55        02 VAR-PAG           PIC ZZ9.
    56        02 FILLER            PIC X(03) VALUE SPACES.
    57
* Microsoft COBOL Version 4.5        L2.4 revision 002 09-Apr-17 22:41 Page   2
*                                       EX03.CBL
    58 01     CAB-02.
    59        02 FILLER            PIC X(21) VALUE SPACES.
    60        02 FILLER            PIC X(38)
    61           VALUE "LISTAGEM DOS CLIENTES DO SEXO FEMININO".
    62        02 FILLER            PIC X(21) VALUE SPACES.
    63
    64 01     CAB-03.
    65        02 FILLER            PIC X(23) VALUE SPACES.
    66        02 FILLER            PIC X(34)
    67           VALUE "COM SALARIOS SUPERIORES A 5.000,00".
    68        02 FILLER            PIC X(23).
    69
    70 01     CAB-04.
    71        02 FILLER            PIC X(10) VALUE SPACES.
    72        02 FILLER            PIC X(06) VALUE "CODIGO".
    73        02 FILLER            PIC X(06) VALUE SPACES.
    74        02 FILLER            PIC X(04) VALUE "NOME".
    75        02 FILLER            PIC X(32) VALUE SPACES.
    76        02 FILLER            PIC X(07) VALUE "SALARIO".
    77        02 FILLE             PIC X(15) VALUE SPACES.
    78
    79 01     CAB-05.
    80        02 FILLER            PIC X(80) VALUE SPACES.
    81
    82 01     DETALHE.
    83        02 FILLER            PIC X(10) VALUE SPACES.
    84        02 VAR-CODIGO        PIC 9999999.
    85        02 FILLER            PIC X(05) VALUE SPACES.
    86        02 VAR-NOME          PIC X(30).
    87        02 FILLER            PIC X(06) VALUE SPACES.
    88        02 VAR-SALARIO       PIC ZZ.999,99.
    89        02 FILLER            PIC X(13) VALUE SPACES.
    90
    91 01     ROD-01.
    92        02 FILLER            PIC X(05) VALUE SPACES.
    93        02 FILLER            PIC X(32)
    94           VALUE "Total de Clientes impressos:    ".
    95        02 VAR-TOTAL         PIC ZZ.999.
    96        02 FILLER            PIC X(37) VALUE SPACES.
    97
    98 01     ROD-02.
    99        02 FILLER            PIC X(05) VALUE SPACES.
   100        02 FILLER            PIC X(31)
   101           VALUE "Total de Salario:              ".
   102        02 VAR-TTL-SALARIOS  PIC ZZZ.ZZZ.ZZ9,99.
   103        02 FILLER            PIC X(29) VALUE SPACES.
   104
   105*==============================================================
   106 PROCEDURE            DIVISION.
   107
   108 PGM-EX02.
   109        PERFORM INICIO.
   110        PERFORM PRINCIPAL UNTIL FIM-ARQ EQUAL "SIM".
   111        PERFORM FIM.
   112        STOP RUN.
   113
   114 INICIO.
   115        OPEN   INPUT  CADENT
* Microsoft COBOL Version 4.5        L2.4 revision 002 09-Apr-17 22:41 Page   3
*                                       EX03.CBL
   116               OUTPUT RELSAI.
   117        PERFORM LEITURA.
   118
   119 LEITURA.
   120        READ CADENT AT END MOVE "SIM" TO FIM-ARQ.
   121
   122 PRINCIPAL.
   123        PERFORM SELECIONA.
   124        PERFORM LEITURA.
   125
   126 SELECIONA.
   127        IF SEXO EQUAL "F" AND SALARIO NOT LESS THAN 5000,00
   128               PERFORM IMPRESSAO.
   129
   130 IMPRESSAO.
   131        IF CT-LIN GREATER THAN 19
   132               PERFORM CABECALHO.
   133        PERFORM IMPED.
   134
   135 CABECALHO.
   136        ADD 1 TO CT-PAG.
   137        MOVE   CT-PAG         TO VAR-PAG.
   138        MOVE   SPACES         TO REG-REL.
   139        WRITE  REG-REL FROM CAB-01.
   140        WRITE  REG-REL FROM CAB-02 AFTER ADVANCING 1 LINE.
   141        WRITE  REG-REL FROM CAB-03 AFTER ADVANCING 1 LINE.
   142        WRITE  REG-REL FROM CAB-04 AFTER ADVANCING 3 LINE.
   143        WRITE  REG-REL FROM CAB-05 AFTER ADVANCING 1 LINE.
   144        MOVE   ZEROES TO CT-LIN.
   145
   146 IMPED.
   147        MOVE   CODIGO        TO VAR-CODIGO.
   148        MOVE   NOME          TO VAR-NOME.
   149        MOVE   SALARIO       TO VAR-SALARIO.
   150        WRITE  REG-REL FROM DETALHE AFTER ADVANCING 1 LINE.
   151        ADD 1         TO CT-LIN.
   152        ADD 1         TO TOTAL-CLIENTES.
   153        ADD SALARIO   TO TOTAL-SALARIOS.
   154
   155 FIM.
   156        IF TOTAL-CLIENTES GREATER THAN ZEROES
   157               PERFORM RODAPE.
   158
   159        CLOSE  CADENT
   160               RELSAI.
   161
   162 RODAPE.
   163        MOVE TOTAL-CLIENTES TO VAR-TOTAL.
   164        MOVE TOTAL-SALARIOS  TO VAR-TTL-SALARIOS.
   165        WRITE REG-REL FROM ROD-01 AFTER ADVANCING 3 LINES.
   166        WRITE REG-REL FROM ROD-02 AFTER ADVANCING 1 LINE.
* Microsoft COBOL Version 4.5        L2.4 revision 002
* (C)Copyright Microsoft Corp 1984, 1991       URN AXUPA/MS0/000000
*                                              REF GNB-024050002A7
*
* Total Messages:     0
* Data:        1788     Code:         742     Dictionary:        2043
